Removed Pin From Net: NetName=+3V3_S Pin=J4-7
Removed Pin From Net: NetName=GND Pin=J4-9
Removed Member From Class: ClassName=MCU Member=J?
Change Component Designator: OldDesignator=J? NewDesignator=J4
Added Component: Designator=J5(RHDRRA12W64P254_2X6_1575X851X495P)
Add component (AddParameter): Name = "Arrow Part Number"; Value = ""; VariantName = "[No Variations]"
Add component (AddParameter): Name = "Arrow Price/Stock"; Value = ""; VariantName = "[No Variations]"
Add component (AddParameter): Name = "Datasheet Link"; Value = ""; VariantName = "[No Variations]"
Add component (AddParameter): Name = "Height"; Value = "4.95mm"; VariantName = "[No Variations]"
Add component (AddParameter): Name = "Manufacturer_Name"; Value = "SAMTEC"; VariantName = "[No Variations]"
Add component (AddParameter): Name = "Manufacturer_Part_Number"; Value = "SSQ-106-02-G-D-RA-008"; VariantName = "[No Variations]"
Add component (AddParameter): Name = "Mouser Part Number"; Value = "200-SSQ10602GDRA008"; VariantName = "[No Variations]"
Add component (AddParameter): Name = "Mouser Price/Stock"; Value = "https://www.mouser.co.uk/ProductDetail/Samtec/SSQ-106-02-G-D-RA-008?qs=PB6%2FjmICvI3U%2F4M4ydw3GQ%3D%3D"; VariantName = "[No Variations]"
Added Pin To Net: NetName=GND Pin=J4-1
Added Pin To Net: NetName=SCK_SEN Pin=J4-2
Added Pin To Net: NetName=+3V3_S Pin=J4-3
Added Pin To Net: NetName=MISO_SEN Pin=J4-4
Added Pin To Net: NetName=MOSI_SHREG Pin=J4-5
Added Pin To Net: NetName=MOSI_SEN Pin=J4-6
Added Pin To Net: NetName=SCLR Pin=J4-7
Added Pin To Net: NetName=OE Pin=J4-8
Added Pin To Net: NetName=PL Pin=J4-9
Added Pin To Net: NetName=MISO_SHREG Pin=J4-10
Added Pin To Net: NetName=SCK_SHREG Pin=J4-11
Added Member To Class: ClassName=MCU Member=Component J5 SSQ-106-02-G-D-RA-008
Added Member To Class: ClassName=MCU Member=Component LED2 RED_TX
Added Member To Class: ClassName=MCU Member=Component TP6 5019
Added Member To Class: ClassName=MCU Member=Component TP17 5019
