Removed Pin From Net: NetName=MCU_SPI_MOSI Pin=J4-1
Removed Pin From Net: NetName=MCU_SPI_MISO Pin=J4-2
Removed Pin From Net: NetName=MCU_SPI_SCK Pin=J4-3
Removed Pin From Net: NetName=SEN_OE Pin=J4-4
Removed Pin From Net: NetName=REG_CLR Pin=J4-5
Removed Pin From Net: NetName=REG_SCK Pin=J4-6
Removed Pin From Net: NetName=ALERT_OE Pin=J4-7
Removed Pin From Net: NetName=\M\C\U\_\C\S\ Pin=J4-8
Removed Pin From Net: NetName=+3V3_S Pin=J4-9
Removed Pin From Net: NetName=+3V3_S Pin=J4-10
Removed Pin From Net: NetName=GND Pin=J4-11
Removed Pin From Net: NetName=GND Pin=J4-12
Removed Pin From Net: NetName=GND Pin=J4-MP1
Removed Pin From Net: NetName=GND Pin=J4-MP2
Removed Pin From Net: NetName=GND Pin=J4-MP3
Removed Pin From Net: NetName=GND Pin=J4-MP4
Removed Pin From Net: NetName=GND Pin=J4-MP5
Removed Pin From Net: NetName=GND Pin=J4-MP6
Removed Pin From Net: NetName=GND Pin=J4-MP7
Removed Pin From Net: NetName=GND Pin=J4-MP8
Removed Pin From Net: NetName=GND Pin=J4-MP9
Removed Pin From Net: NetName=GND Pin=J4-MP10
Removed Pin From Net: NetName=GND Pin=J4-MP11
Removed Pin From Net: NetName=GND Pin=J4-MP12
Removed Member From Class: ClassName=U_MCU Member=IC2
Removed Member From Class: ClassName=U_MCU Member=J5
Removed Member From Class: ClassName=U_MCU Member=J6
Change Component Footprint: Designator=J4 Old Footprint=BM46B12DS035V53 New Footprint=M207920542R
Change Component Comment : Designator=J4 Old Comment=CONNECTOR MALE New Comment=M20-7920542R
Change component parameters: Designator = "J4" ("J4"); Footprint = "BM46B12DS035V53"; UniqueID = "\TPOBNKLV" ("\TPOBNKLV")
Change component parameters (AddParameter): Name = "Arrow Part Number"; Value = ""; VariantName = "[No Variations]"
Change component parameters (AddParameter): Name = "Arrow Price/Stock"; Value = ""; VariantName = "[No Variations]"
Change component parameters (AddParameter): Name = "Datasheet Link"; Value = "https://cdn.harwin.com/pdfs/M20-792R.pdf"; VariantName = "[No Variations]"
Change component parameters (AddParameter): Name = "Height"; Value = "5mm"; VariantName = "[No Variations]"
Change component parameters (AddParameter): Name = "Manufacturer_Name"; Value = "Harwin"; VariantName = "[No Variations]"
Change component parameters (AddParameter): Name = "Manufacturer_Part_Number"; Value = "M20-7920542R"; VariantName = "[No Variations]"
Change component parameters (AddParameter): Name = "Mouser Part Number"; Value = "855-M20-7920542R"; VariantName = "[No Variations]"
Change component parameters (AddParameter): Name = "Mouser Price/Stock"; Value = "https://www.mouser.co.uk/ProductDetail/Harwin/M20-7920542R?qs=k41KVqW3ymqj80AqJ%2FxUlA%3D%3D"; VariantName = "[No Variations]"
Change Class Name : Old Net Name=U_MCU New Net Name=MCU
