Change Component Comment : Designator=J4 Old Comment=BM46B-12DS-0.35V_53_ New Comment=CONNECTOR MALE
Added Component: Designator=IC?(QFN50P700X700X60-49N-D)
Add component (AddParameter): Name = "Arrow Part Number"; Value = "STM32WB30CEU5A"; VariantName = "[No Variations]"
Add component (AddParameter): Name = "Arrow Price/Stock"; Value = "https://www.arrow.com/en/products/stm32wb30ceu5a/stmicroelectronics?region=nac"; VariantName = "[No Variations]"
Add component (AddParameter): Name = "Datasheet Link"; Value = "https://componentsearchengine.com/Datasheets/2/STM32WB30CEU5A.pdf"; VariantName = "[No Variations]"
Add component (AddParameter): Name = "Height"; Value = "0.6mm"; VariantName = "[No Variations]"
Add component (AddParameter): Name = "Manufacturer_Name"; Value = "STMicroelectronics"; VariantName = "[No Variations]"
Add component (AddParameter): Name = "Manufacturer_Part_Number"; Value = "STM32WB30CEU5A"; VariantName = "[No Variations]"
Add component (AddParameter): Name = "Mouser Part Number"; Value = "511-STM32WB30CEU5A"; VariantName = "[No Variations]"
Add component (AddParameter): Name = "Mouser Price/Stock"; Value = "https://www.mouser.co.uk/ProductDetail/STMicroelectronics/STM32WB30CEU5A?qs=DPoM0jnrROXA98TRXR4iRg%3D%3D"; VariantName = "[No Variations]"
Added Component: Designator=J?(56501183)
Add component (AddParameter): Name = "Arrow Part Number"; Value = "5650118-3"; VariantName = "[No Variations]"
Add component (AddParameter): Name = "Arrow Price/Stock"; Value = "https://www.arrow.com/en/products/5650118-3/te-connectivity?region=europe"; VariantName = "[No Variations]"
Add component (AddParameter): Name = "Datasheet Link"; Value = "https://datasheet.datasheetarchive.com/originals/distributors/Datasheets_SAMA/16baf319d9c026ec9af360a565613fb4.pdf"; VariantName = "[No Variations]"
Add component (AddParameter): Name = "Height"; Value = "9.48mm"; VariantName = "[No Variations]"
Add component (AddParameter): Name = "Manufacturer_Name"; Value = "TE Connectivity"; VariantName = "[No Variations]"
Add component (AddParameter): Name = "Manufacturer_Part_Number"; Value = "5650118-3"; VariantName = "[No Variations]"
Add component (AddParameter): Name = "Mouser Part Number"; Value = "571-5650118-3"; VariantName = "[No Variations]"
Add component (AddParameter): Name = "Mouser Price/Stock"; Value = "https://www.mouser.co.uk/ProductDetail/TE-Connectivity/5650118-3?qs=00VrTUkr5sBqDKE2vX0kgg%3D%3D"; VariantName = "[No Variations]"
Added Pin To Net: NetName=BUTTON Pin=C1-2
Added Pin To Net: NetName=BUTTON Pin=SW1-4
Added Member To Class: ClassName=U_MCU Member=Component IC? STM32WB30CEU5A
Added Member To Class: ClassName=U_MCU Member=Component J? 5650118-3
