Removed Pin From Net: NetName=TX_LED_K Pin=IC23-22
Removed Pin From Net: NetName=RX_LED_K Pin=IC23-23
Removed Pin From Net: NetName=+5V Pin=LED6-1
Removed Pin From Net: NetName=+3V3 Pin=LED7-1
Removed Pin From Net: NetName=MCU_LED_ERROR_A Pin=MCU-34
Removed Pin From Net: NetName=MCU_LED_MEASURING_A Pin=MCU-35
Removed Pin From Net: NetName=MCU_LED_STATUS_A Pin=MCU-36
Removed Pin From Net: NetName=GND Pin=R15-1
Removed Pin From Net: NetName=GND Pin=R16-1
Removed Pin From Net: NetName=GND Pin=R17-1
Removed Pin From Net: NetName=GND Pin=R18-1
Removed Pin From Net: NetName=GND Pin=R19-1
Removed Pin From Net: NetName=+3V3 Pin=R21-2
Removed Pin From Net: NetName=+3V3 Pin=R22-2
Change Component Footprint: Designator=R4 Old Footprint=J1-0603 New Footprint=FP-ERJ-3GEY0R00V-MFG
Change Component Footprint: Designator=R6 Old Footprint=J1-0603 New Footprint=FP-ERJ-3GEY0R00V-MFG
Change Component Footprint: Designator=R9 Old Footprint=J1-0603 New Footprint=FP-ERJ-3GEY0R00V-MFG
Change Component Footprint: Designator=R14 Old Footprint=J1-0603 New Footprint=FP-ERJ-3GEY0R00V-MFG
Change Component Footprint: Designator=R23 Old Footprint=J1-0603 New Footprint=FP-ERJ-3GEY0R00V-MFG
Change Component Footprint: Designator=R24 Old Footprint=J1-0603 New Footprint=FP-ERJ-3GEY0R00V-MFG
Change Component Footprint: Designator=R25 Old Footprint=J1-0603 New Footprint=FP-ERJ-3GEY0R00V-MFG
Change Component Footprint: Designator=R1 Old Footprint=J1-0603 New Footprint=RESC1608X55N
Change Component Footprint: Designator=R2 Old Footprint=J1-0603 New Footprint=RESC1608X55N
Change Component Footprint: Designator=R7 Old Footprint=J1-0603 New Footprint=RESC1608X55N
Change Component Footprint: Designator=R8 Old Footprint=J1-0603 New Footprint=RESC1608X55N
Change Component Footprint: Designator=R12 Old Footprint=J1-0603 New Footprint=RESC1608X55N
Change Component Footprint: Designator=R13 Old Footprint=J1-0603 New Footprint=RESC1608X55N
Change Component Footprint: Designator=R15 Old Footprint=J1-0603 New Footprint=RESC1608X55N
Change Component Footprint: Designator=R16 Old Footprint=J1-0603 New Footprint=RESC1608X55N
Change Component Footprint: Designator=R17 Old Footprint=J1-0603 New Footprint=RESC1608X55N
Change Component Footprint: Designator=R20 Old Footprint=J1-0603 New Footprint=RESC1608X55N
Change Component Footprint: Designator=R21 Old Footprint=J1-0603 New Footprint=RESC1608X55N
Change Component Footprint: Designator=R22 Old Footprint=J1-0603 New Footprint=RESC1608X55N
Change Component Footprint: Designator=R55 Old Footprint=J1-0603 New Footprint=RESC1608X55N
Change Component Footprint: Designator=R56 Old Footprint=J1-0603 New Footprint=RESC1608X55N
Change Component Footprint: Designator=R57 Old Footprint=J1-0603 New Footprint=RESC1608X55N
Change Component Footprint: Designator=R58 Old Footprint=J1-0603 New Footprint=RESC1608X55N
Change Component Footprint: Designator=R59 Old Footprint=J1-0603 New Footprint=RESC1608X55N
Change Component Footprint: Designator=R60 Old Footprint=J1-0603 New Footprint=RESC1608X55N
Change Component Footprint: Designator=R61 Old Footprint=J1-0603 New Footprint=RESC1608X55N
Added Component: Designator=R10(FP-ERJ-3GEY0R00V-MFG)
Add component (AddParameter): Name = "Automotive"; Value = "Yes"; VariantName = "[No Variations]"
Add component (AddParameter): Name = "Automotive Grade"; Value = "Grade 0"; VariantName = "[No Variations]"
Add component (AddParameter): Name = "Category"; Value = "Res"; VariantName = "[No Variations]"
Add component (AddParameter): Name = "ComponentLink2Description"; Value = "Datasheet"; VariantName = "[No Variations]"
Add component (AddParameter): Name = "ComponentLink2URL"; Value = "https://industrial.panasonic.com/cdbs/www-data/pdf/RDA0000/AOA0000C301.pdf"; VariantName = "[No Variations]"
Add component (AddParameter): Name = "Composition"; Value = "Thick Film"; VariantName = "[No Variations]"
Add component (AddParameter): Name = "Device Class L1"; Value = "Passive Components"; VariantName = "[No Variations]"
Add component (AddParameter): Name = "Device Class L2"; Value = "Resistors"; VariantName = "[No Variations]"
Add component (AddParameter): Name = "Device Class L3"; Value = "Chip SMD Resistors"; VariantName = "[No Variations]"
Add component (AddParameter): Name = "Digikey Description"; Value = "RES SMD 0 OHM JUMPER 1/10W 0603"; VariantName = "[No Variations]"
Add component (AddParameter): Name = "Footprint Url"; Value = "https://industrial.panasonic.com/cdbs/www-data/pdf/RDA0000/DMA0000COL17.pdf"; VariantName = "[No Variations]"
Add component (AddParameter): Name = "Height"; Value = "0.55mm"; VariantName = "[No Variations]"
Add component (AddParameter): Name = "Ipc Land Pattern Name"; Value = "RESC16080X45"; VariantName = "[No Variations]"
Add component (AddParameter): Name = "Lead Free"; Value = "Yes"; VariantName = "[No Variations]"
Add component (AddParameter): Name = "Manufacturer"; Value = "Panasonic"; VariantName = "[No Variations]"
Add component (AddParameter): Name = "Manufacturer Part Number"; Value = "ERJ-3GEY0R00V"; VariantName = "[No Variations]"
Add component (AddParameter): Name = "Mouser Description"; Value = "Resistor, Chip Thick Film, 0 Ohm, 0.1w, Resistor, Chip Thick Film, 0 Ohm, 0.1w, 5%"; VariantName = "[No Variations]"
Add component (AddParameter): Name = "Octopart"; Value = "https://octopart.com/erj-3gey0r00v-panasonic-55389238"; VariantName = "[No Variations]"
Add component (AddParameter): Name = "Package"; Value = "0603"; VariantName = "[No Variations]"
Add component (AddParameter): Name = "Power Rating"; Value = "0.1W"; VariantName = "[No Variations]"
Add component (AddParameter): Name = "Resistance"; Value = "0O"; VariantName = "[No Variations]"
Add component (AddParameter): Name = "RoHS"; Value = "TRUE"; VariantName = "[No Variations]"
Add component (AddParameter): Name = "Series"; Value = "ERJ"; VariantName = "[No Variations]"
Add component (AddParameter): Name = "Temperature"; Value = "-55°C to +155°C"; VariantName = "[No Variations]"
Add component (AddParameter): Name = "Temperature Coefficient"; Value = "-100/+600ppm/°C"; VariantName = "[No Variations]"
Add component (AddParameter): Name = "Temperature Range High"; Value = "+155°C"; VariantName = "[No Variations]"
Add component (AddParameter): Name = "Temperature Range Low"; Value = "-55°C"; VariantName = "[No Variations]"
Add component (AddParameter): Name = "Tolerance"; Value = "5%"; VariantName = "[No Variations]"
Add component (AddParameter): Name = "Value"; Value = "0O"; VariantName = "[No Variations]"
Add component (AddParameter): Name = "Voltage Rating"; Value = "75V"; VariantName = "[No Variations]"
Added Pin To Net: NetName=UART_RESET# Pin=IC23-23
Added Pin To Net: NetName=+3V3 Pin=LED1-1
Added Pin To Net: NetName=+3V3 Pin=LED2-1
Added Pin To Net: NetName=GND Pin=LED3-2
Added Pin To Net: NetName=GND Pin=LED4-2
Added Pin To Net: NetName=GND Pin=LED5-2
Added Pin To Net: NetName=GND Pin=LED6-2
Added Pin To Net: NetName=GND Pin=LED7-2
Added Pin To Net: NetName=MCU_UART5_TX Pin=R10-1
Added Pin To Net: NetName=MCU_UART5_TX Pin=R10-2
Added Pin To Net: NetName=MCU_LED_STATUS_A Pin=R15-1
Added Pin To Net: NetName=MCU_LED_ERROR_A Pin=R16-1
Added Pin To Net: NetName=MCU_LED_MEASURING_A Pin=R17-1
Added Pin To Net: NetName=+5V Pin=R18-2
Added Pin To Net: NetName=+3V3 Pin=R19-2
Added Pin To Net: NetName=RX_LED_K Pin=R21-1
Added Pin To Net: NetName=UART_RESET# Pin=R21-2
Added Pin To Net: NetName=TX_LED_K Pin=R22-1
Change Net Name : Old Net Name=+3V3 New Net Name=MCU_LED_3V3
Change Net Name : Old Net Name=+5V New Net Name=MCU_LED_5V
Change Net Name : Old Net Name=UART_RESET# New Net Name=RX_LED
Added Pin To Net: NetName=MCU_LED_3V3_A Pin=LED7-1
Added Pin To Net: NetName=MCU_LED_3V3_A Pin=R19-1
Added Net: Name=MCU_LED_3V3_A
Added Pin To Net: NetName=MCU_LED_5V_A Pin=LED6-1
Added Pin To Net: NetName=MCU_LED_5V_A Pin=R18-1
Added Net: Name=MCU_LED_5V_A
Added Pin To Net: NetName=MCU_LED_ERROR Pin=MCU-34
Added Pin To Net: NetName=MCU_LED_ERROR Pin=R16-2
Added Net: Name=MCU_LED_ERROR
Added Pin To Net: NetName=MCU_LED_MEASURING Pin=MCU-35
Added Pin To Net: NetName=MCU_LED_MEASURING Pin=R17-2
Added Net: Name=MCU_LED_MEASURING
Added Pin To Net: NetName=MCU_LED_STATUS Pin=MCU-36
Added Pin To Net: NetName=MCU_LED_STATUS Pin=R15-2
Added Net: Name=MCU_LED_STATUS
Added Pin To Net: NetName=TX_LED Pin=IC23-22
Added Pin To Net: NetName=TX_LED Pin=R22-2
Added Net: Name=TX_LED
Added Member To Class: ClassName=MCU Member=Component R10 0R
