Removed Pin From Net: NetName=USB_D_N Pin=TP4-1
Removed Pin From Net: NetName=USB_D_P Pin=TP5-1
Removed Pin From Net: NetName=GND Pin=TP7-1
Removed Pin From Net: NetName=MCU_SWDIO Pin=TP8-1
Removed Pin From Net: NetName=MCU_SWCLK Pin=TP9-1
Removed Pin From Net: NetName=MCU_SWO Pin=TP10-1
Removed Pin From Net: NetName=MCU_NRST Pin=TP12-1
Removed Pin From Net: NetName=GND Pin=TP19-1
Removed Pin From Net: NetName=UART_NRTS Pin=TP20-1
Removed Pin From Net: NetName=UART_NCTS Pin=TP21-1
Removed Pin From Net: NetName=GND Pin=TP22-1
Removed Member From Class: ClassName=U_MCU Member=TP4
Removed Member From Class: ClassName=U_MCU Member=TP5
Removed Member From Class: ClassName=U_MCU Member=TP7
Removed Member From Class: ClassName=U_MCU Member=TP8
Removed Member From Class: ClassName=U_MCU Member=TP9
Removed Member From Class: ClassName=U_MCU Member=TP10
Removed Member From Class: ClassName=U_MCU Member=TP12
Removed Member From Class: ClassName=U_MCU Member=TP19
Removed Member From Class: ClassName=U_MCU Member=TP20
Removed Member From Class: ClassName=U_MCU Member=TP21
Removed Member From Class: ClassName=U_MCU Member=TP22
