Removed Pin From Net: NetName=BUTTON Pin=D1-3
Removed Pin From Net: NetName=MCU_UART4_RX Pin=IC23-1
Removed Pin From Net: NetName=MCU_UART4_TX Pin=IC23-5
Removed Pin From Net: NetName=BUTTON Pin=MCU-37
Removed Pin From Net: NetName=MCU I2C1_SCL Pin=MCU-58
Removed Pin From Net: NetName=MCU I2C1_SDA Pin=MCU-59
Removed Pin From Net: NetName=MCU I2C1_SDA Pin=R4-1
Removed Pin From Net: NetName=MCU I2C1_SCL Pin=R6-1
Removed Pin From Net: NetName=MCU_UART5_RX Pin=R9-1
Removed Pin From Net: NetName=MCU_UART5_TX Pin=R10-1
Removed Pin From Net: NetName=MCU_UART4_RX Pin=R23-2
Removed Pin From Net: NetName=MCU_UART4_TX Pin=R24-2
Removed Pin From Net: NetName=MCU_UART5_TX Pin=UART5-2
Removed Pin From Net: NetName=MCU_UART5_RX Pin=UART5-3
Change Net Name : Old Net Name=MCU I2C1_SCL New Net Name=CONN_I2C1_SCL
Change Net Name : Old Net Name=MCU I2C1_SDA New Net Name=CONN_I2C1_SDA
Added Pin To Net: NetName=CONN_UART5_RX Pin=R9-1
Added Pin To Net: NetName=CONN_UART5_RX Pin=UART5-3
Added Net: Name=CONN_UART5_RX
Added Pin To Net: NetName=CONN_UART5_TX Pin=R10-1
Added Pin To Net: NetName=CONN_UART5_TX Pin=UART5-2
Added Net: Name=CONN_UART5_TX
Added Pin To Net: NetName=CONN_UART_GPIO2 Pin=GPIO1-1
Added Pin To Net: NetName=CONN_UART_GPIO2 Pin=R60-1
Added Net: Name=CONN_UART_GPIO2
Added Pin To Net: NetName=CONN_UART_GPIO3 Pin=GPIO2-1
Added Pin To Net: NetName=CONN_UART_GPIO3 Pin=R61-1
Added Net: Name=CONN_UART_GPIO3
Added Pin To Net: NetName=CONN_UART_GPIO4 Pin=GPIO1-2
Added Pin To Net: NetName=CONN_UART_GPIO4 Pin=R59-1
Added Net: Name=CONN_UART_GPIO4
Added Pin To Net: NetName=CONN_UART_GPIO5 Pin=GPIO1-3
Added Pin To Net: NetName=CONN_UART_GPIO5 Pin=R58-1
Added Net: Name=CONN_UART_GPIO5
Added Pin To Net: NetName=CONN_UART_GPIO6 Pin=GPIO2-3
Added Pin To Net: NetName=CONN_UART_GPIO6 Pin=R56-1
Added Net: Name=CONN_UART_GPIO6
Added Pin To Net: NetName=CONN_UART_GPIO7 Pin=GPIO2-2
Added Pin To Net: NetName=CONN_UART_GPIO7 Pin=R55-1
Added Net: Name=CONN_UART_GPIO7
Added Pin To Net: NetName=IC_UART4_RX Pin=IC23-1
Added Pin To Net: NetName=IC_UART4_RX Pin=R23-2
Added Net: Name=IC_UART4_RX
Added Pin To Net: NetName=IC_UART4_TX Pin=IC23-5
Added Pin To Net: NetName=IC_UART4_TX Pin=R24-2
Added Net: Name=IC_UART4_TX
Added Pin To Net: NetName=IC_UART_GPIO2 Pin=IC23-13
Added Pin To Net: NetName=IC_UART_GPIO2 Pin=R60-2
Added Net: Name=IC_UART_GPIO2
Added Pin To Net: NetName=IC_UART_GPIO3 Pin=IC23-14
Added Pin To Net: NetName=IC_UART_GPIO3 Pin=R61-2
Added Net: Name=IC_UART_GPIO3
Added Pin To Net: NetName=IC_UART_GPIO4 Pin=IC23-12
Added Pin To Net: NetName=IC_UART_GPIO4 Pin=R59-2
Added Net: Name=IC_UART_GPIO4
Added Pin To Net: NetName=IC_UART_GPIO5 Pin=IC23-8
Added Pin To Net: NetName=IC_UART_GPIO5 Pin=R58-2
Added Net: Name=IC_UART_GPIO5
Added Pin To Net: NetName=IC_UART_GPIO6 Pin=IC23-27
Added Pin To Net: NetName=IC_UART_GPIO6 Pin=R56-2
Added Net: Name=IC_UART_GPIO6
Added Pin To Net: NetName=IC_UART_GPIO7 Pin=IC23-28
Added Pin To Net: NetName=IC_UART_GPIO7 Pin=R55-2
Added Net: Name=IC_UART_GPIO7
Added Pin To Net: NetName=IC_UART_NCTS Pin=IC23-11
Added Pin To Net: NetName=IC_UART_NCTS Pin=R25-2
Added Net: Name=IC_UART_NCTS
Added Pin To Net: NetName=IC_UART_NRTS Pin=IC23-3
Added Pin To Net: NetName=IC_UART_NRTS Pin=R14-2
Added Net: Name=IC_UART_NRTS
Added Pin To Net: NetName=MCU_BUTTON Pin=D1-3
Added Pin To Net: NetName=MCU_BUTTON Pin=MCU-37
Added Net: Name=MCU_BUTTON
Added Pin To Net: NetName=MCU_UART_NCTS Pin=MCU-38
Added Pin To Net: NetName=MCU_UART_NCTS Pin=R25-1
Added Net: Name=MCU_UART_NCTS
Added Pin To Net: NetName=MCU_UART_NRTS Pin=MCU-39
Added Pin To Net: NetName=MCU_UART_NRTS Pin=R14-1
Added Net: Name=MCU_UART_NRTS
Added Pin To Net: NetName=MCU I2C1_SCL Pin=MCU-58
Added Pin To Net: NetName=MCU I2C1_SCL Pin=R6-1
Added Net: Name=MCU I2C1_SCL
Added Pin To Net: NetName=MCU I2C1_SDA Pin=MCU-59
Added Pin To Net: NetName=MCU I2C1_SDA Pin=R4-1
Added Net: Name=MCU I2C1_SDA
