Removed Pin From Net: NetName=SEN_OE Pin=J6-1
Removed Pin From Net: NetName=REG_CLR Pin=J6-2
Removed Pin From Net: NetName=MCU_SPI_SCK Pin=J6-3
Removed Pin From Net: NetName=\M\C\U\_\C\S\ Pin=J6-4
Removed Pin From Net: NetName=MCU_SPI_MISO Pin=J6-5
Removed Pin From Net: NetName=REG_SCK Pin=J6-6
Removed Pin From Net: NetName=MCU_SPI_MOSI Pin=J6-7
Removed Pin From Net: NetName=ALERT_OE Pin=J6-8
Removed Member From Class: ClassName=U_MCU Member=J6
Added Component: Designator=J4(BM46B12DS035V53)
Add component (AddParameter): Name = "Arrow Part Number"; Value = ""; VariantName = "[No Variations]"
Add component (AddParameter): Name = "Arrow Price/Stock"; Value = ""; VariantName = "[No Variations]"
Add component (AddParameter): Name = "Datasheet Link"; Value = "https://componentsearchengine.com/Datasheets/1/BM46B-12DS-0.35V(53).pdf"; VariantName = "[No Variations]"
Add component (AddParameter): Name = "Height"; Value = "0.7mm"; VariantName = "[No Variations]"
Add component (AddParameter): Name = "Manufacturer_Name"; Value = "Hirose"; VariantName = "[No Variations]"
Add component (AddParameter): Name = "Manufacturer_Part_Number"; Value = "BM46B-12DS-0.35V(53)"; VariantName = "[No Variations]"
Add component (AddParameter): Name = "Mouser Part Number"; Value = "798-BM46B-12DS035V53"; VariantName = "[No Variations]"
Add component (AddParameter): Name = "Mouser Price/Stock"; Value = "https://www.mouser.co.uk/ProductDetail/Hirose-Connector/BM46B-12DS-0.35V53?qs=Cb2nCFKsA8owNdPkaYVvTg%3D%3D"; VariantName = "[No Variations]"
Added Pin To Net: NetName=MCU_SPI_MOSI Pin=J4-1
Added Pin To Net: NetName=MCU_SPI_MISO Pin=J4-2
Added Pin To Net: NetName=MCU_SPI_SCK Pin=J4-3
Added Pin To Net: NetName=SEN_OE Pin=J4-4
Added Pin To Net: NetName=REG_CLR Pin=J4-5
Added Pin To Net: NetName=REG_SCK Pin=J4-6
Added Pin To Net: NetName=ALERT_OE Pin=J4-7
Added Pin To Net: NetName=\M\C\U\_\C\S\ Pin=J4-8
Added Pin To Net: NetName=+3V3_S Pin=J4-9
Added Pin To Net: NetName=+3V3_S Pin=J4-10
Added Pin To Net: NetName=GND Pin=J4-11
Added Pin To Net: NetName=GND Pin=J4-12
Added Pin To Net: NetName=GND Pin=J4-MP1
Added Pin To Net: NetName=GND Pin=J4-MP2
Added Pin To Net: NetName=GND Pin=J4-MP3
Added Pin To Net: NetName=GND Pin=J4-MP4
Added Pin To Net: NetName=GND Pin=J4-MP5
Added Pin To Net: NetName=GND Pin=J4-MP6
Added Pin To Net: NetName=GND Pin=J4-MP7
Added Pin To Net: NetName=GND Pin=J4-MP8
Added Pin To Net: NetName=GND Pin=J4-MP9
Added Pin To Net: NetName=GND Pin=J4-MP10
Added Pin To Net: NetName=GND Pin=J4-MP11
Added Pin To Net: NetName=GND Pin=J4-MP12
Added Member To Class: ClassName=U_MCU Member=Component J4 BM46B-12DS-0.35V_53_
